已加载 Resnet50_rates.csv: 100 个阈值点, 列 ['exit1_rate', 'exit2_rate']
权重 state_dict keys 示例: ['conv1.weight', 'bn1.weight', 'bn1.bias', 'bn1.running_mean', 'bn1.running_var'] ... (共 324)
[Exp1] 早退率来自 Data/Resnet50_rates.csv（阈值线性插值）
[Exp1] Group=easy | BW=0.2Mbps
  Local       : latency=1046.7ms | split=- | tx_ratio=0.00
  EE-Only     : latency=1049.4ms | split=末层 | tx_ratio=0.13 | τ=0.85
  SC-Only     : latency= 498.4ms | split=L58 | tx_ratio=1.00
  Decoupled   : latency=1049.4ms | split=末层 | tx_ratio=0.13 | τ=0.85
  DSCI        : latency= 493.6ms | split=L58 | tx_ratio=0.85 | τ=0.85
>>> [!] Decoupled > Local at BW=0.25Mbps (Performance Inversion confirmed)
[Exp1] Group=easy | BW=0.5Mbps
  Local       : latency=1046.7ms | split=- | tx_ratio=0.00
  EE-Only     : latency=1049.3ms | split=末层 | tx_ratio=0.13 | τ=0.85
  SC-Only     : latency= 332.9ms | split=L3 | tx_ratio=1.00
  Decoupled   : latency=1049.3ms | split=末层 | tx_ratio=0.13 | τ=0.85
  DSCI        : latency= 332.9ms | split=L3 | tx_ratio=1.00 | τ=0.85
>>> [!] Decoupled > Local at BW=0.5Mbps (Performance Inversion confirmed)
[Exp1] Group=easy | BW=1.0Mbps
  Local       : latency=1046.7ms | split=- | tx_ratio=0.00
  EE-Only     : latency=1049.3ms | split=末层 | tx_ratio=0.13 | τ=0.85
  SC-Only     : latency= 201.8ms | split=L3 | tx_ratio=1.00
  Decoupled   : latency=1049.3ms | split=末层 | tx_ratio=0.13 | τ=0.85
  DSCI        : latency= 201.8ms | split=L3 | tx_ratio=1.00 | τ=0.85
>>> [!] Decoupled > Local at BW=1.0Mbps (Performance Inversion confirmed)
[Exp1] Group=easy | BW=2.0Mbps
  Local       : latency=1046.7ms | split=- | tx_ratio=0.00
  EE-Only     : latency=1049.3ms | split=末层 | tx_ratio=0.13 | τ=0.85
  SC-Only     : latency= 136.3ms | split=L3 | tx_ratio=1.00
  Decoupled   : latency= 520.4ms | split=L57 | tx_ratio=0.85 | τ=0.85
  DSCI        : latency= 136.3ms | split=L3 | tx_ratio=1.00 | τ=0.85
[Exp1] Group=easy | BW=4.0Mbps
  Local       : latency=1046.7ms | split=- | tx_ratio=0.00
  EE-Only     : latency=1049.3ms | split=末层 | tx_ratio=0.13 | τ=0.85
  SC-Only     : latency= 103.5ms | split=L3 | tx_ratio=1.00
  Decoupled   : latency= 506.4ms | split=L57 | tx_ratio=0.85 | τ=0.85
  DSCI        : latency= 103.5ms | split=L3 | tx_ratio=1.00 | τ=0.85
[Exp1] Group=easy | BW=8.0Mbps
  Local       : latency=1046.7ms | split=- | tx_ratio=0.00
  EE-Only     : latency=1049.3ms | split=末层 | tx_ratio=0.13 | τ=0.85
  SC-Only     : latency=  87.1ms | split=L3 | tx_ratio=1.00
  Decoupled   : latency= 499.4ms | split=L57 | tx_ratio=0.85 | τ=0.85
  DSCI        : latency=  87.1ms | split=L3 | tx_ratio=1.00 | τ=0.85
[Exp1] Group=hard | BW=0.2Mbps
  Local       : latency=1046.7ms | split=- | tx_ratio=0.00
  EE-Only     : latency=1046.7ms | split=末层 | tx_ratio=0.00 | τ=0.55
  SC-Only     : latency= 498.4ms | split=L58 | tx_ratio=1.00
  Decoupled   : latency=1046.7ms | split=末层 | tx_ratio=0.00 | τ=0.55
  DSCI        : latency= 480.7ms | split=L58 | tx_ratio=0.46 | τ=0.55
[Exp1] Group=hard | BW=0.5Mbps
  Local       : latency=1046.7ms | split=- | tx_ratio=0.00
  EE-Only     : latency=1046.7ms | split=末层 | tx_ratio=0.00 | τ=0.55
  SC-Only     : latency= 332.9ms | split=L3 | tx_ratio=1.00
  Decoupled   : latency=1046.7ms | split=末层 | tx_ratio=0.00 | τ=0.55
  DSCI        : latency= 332.9ms | split=L3 | tx_ratio=1.00 | τ=0.55
[Exp1] Group=hard | BW=1.0Mbps
  Local       : latency=1046.7ms | split=- | tx_ratio=0.00
  EE-Only     : latency=1046.7ms | split=末层 | tx_ratio=0.00 | τ=0.55
  SC-Only     : latency= 201.8ms | split=L3 | tx_ratio=1.00
  Decoupled   : latency=1046.7ms | split=末层 | tx_ratio=0.00 | τ=0.55
  DSCI        : latency= 201.8ms | split=L3 | tx_ratio=1.00 | τ=0.55
[Exp1] Group=hard | BW=2.0Mbps
  Local       : latency=1046.7ms | split=- | tx_ratio=0.00
  EE-Only     : latency=1046.7ms | split=末层 | tx_ratio=0.00 | τ=0.55
  SC-Only     : latency= 136.3ms | split=L3 | tx_ratio=1.00
  Decoupled   : latency= 495.2ms | split=L57 | tx_ratio=0.46 | τ=0.55
  DSCI        : latency= 136.3ms | split=L3 | tx_ratio=1.00 | τ=0.55
[Exp1] Group=hard | BW=4.0Mbps
  Local       : latency=1046.7ms | split=- | tx_ratio=0.00
  EE-Only     : latency=1046.7ms | split=末层 | tx_ratio=0.00 | τ=0.55
  SC-Only     : latency= 103.5ms | split=L3 | tx_ratio=1.00
  Decoupled   : latency= 487.6ms | split=L57 | tx_ratio=0.46 | τ=0.55
  DSCI        : latency= 103.5ms | split=L3 | tx_ratio=1.00 | τ=0.55
[Exp1] Group=hard | BW=8.0Mbps
  Local       : latency=1046.7ms | split=- | tx_ratio=0.00
  EE-Only     : latency=1046.7ms | split=末层 | tx_ratio=0.00 | τ=0.55
  SC-Only     : latency=  87.1ms | split=L3 | tx_ratio=1.00
  Decoupled   : latency= 483.8ms | split=L57 | tx_ratio=0.46 | τ=0.55
  DSCI        : latency=  87.1ms | split=L3 | tx_ratio=1.00 | τ=0.55
[Exp1] 结果已保存: d:\Coding\Python\DSCI_testbed\Results\Exp0_Motivation\20260520_090014\data\exp1_results.json
