[Exp2] N=1 concurrent users
  Per-Request : overhead= 30.7% | throughput= 13.9 rps | drift=0.002
  DSCI        : overhead=  1.7% | throughput= 19.7 rps | drift=0.000
  >>> DSCI throughput advantage: 1.42x at N=1
[Exp2] N=2 concurrent users
  Per-Request : overhead= 25.5% | throughput= 29.8 rps | drift=0.002
  DSCI        : overhead=  0.8% | throughput= 39.7 rps | drift=0.000
  >>> DSCI throughput advantage: 1.33x at N=2
[Exp2] N=4 concurrent users
  Per-Request : overhead= 22.6% | throughput= 61.9 rps | drift=0.005
  DSCI        : overhead=  0.4% | throughput= 79.7 rps | drift=0.000
  >>> DSCI throughput advantage: 1.29x at N=4
[Exp2] N=8 concurrent users
  Per-Request : overhead= 21.0% | throughput=126.4 rps | drift=0.011
  DSCI        : overhead=  0.2% | throughput=159.7 rps | drift=0.000
  >>> DSCI throughput advantage: 1.26x at N=8
[Exp2] N=16 concurrent users
  Per-Request : overhead= 20.2% | throughput=255.3 rps | drift=0.026
  DSCI        : overhead=  0.1% | throughput=319.7 rps | drift=0.000
  >>> DSCI throughput advantage: 1.25x at N=16
[Exp2] N=32 concurrent users
  Per-Request : overhead= 19.8% | throughput=513.2 rps | drift=0.067
  DSCI        : overhead=  0.1% | throughput=639.7 rps | drift=0.000
  >>> DSCI throughput advantage: 1.25x at N=32
[Exp2] 结果已保存: D:\Coding\Python\DSCI_testbed\Results\Exp0_Motivation\20260520_084844\data\exp2_results.json
